
> byteconta@0.1.0 build /Users/guilhermeoliveiragomes/Projects/BYTEHOUSE/sr-consultoria
> next build

   ▲ Next.js 15.3.1
   - Environments: .env.local

   Creating an optimized production build ...
 ✓ Compiled successfully in 9.0s
   Skipping linting
   Checking validity of types ...
Failed to compile.

./components/dashboard/dashboard-client.tsx:118:16
Type error: Type '{ organizationId: string; cultures: Culture[]; }' is missing the following properties from type 'ProductionKpiCardsProps': safras, initialStats, defaultCultureIds

[0m [90m 116 |[39m             {[90m/* Production Tab */[39m}[0m
[0m [90m 117 |[39m             [33m<[39m[33mTabsContent[39m value[33m=[39m[32m"production"[39m className[33m=[39m[32m"space-y-6"[39m[33m>[39m[0m
[0m[31m[1m>[22m[39m[90m 118 |[39m               [33m<[39m[33mProductionKpiCards[39m[0m
[0m [90m     |[39m                [31m[1m^[22m[39m[0m
[0m [90m 119 |[39m                 organizationId[33m=[39m{organizationId}[0m
[0m [90m 120 |[39m                 cultures[33m=[39m{initialData[33m.[39mproductionConfig[33m.[39mcultures}[0m
[0m [90m 121 |[39m               [33m/[39m[33m>[39m[0m
Next.js build worker exited with code: 1 and signal: null
 ELIFECYCLE  Command failed with exit code 1.
