lib/services/excel-export-service.ts(108,11): error TS7034: Variable 'plantingData' implicitly has type 'any[]' in some locations where its type cannot be determined.
lib/services/excel-export-service.ts(148,49): error TS7005: Variable 'plantingData' implicitly has an 'any[]' type.
lib/services/excel-export-service.ts(158,11): error TS7034: Variable 'productivityData' implicitly has type 'any[]' in some locations where its type cannot be determined.
lib/services/excel-export-service.ts(190,53): error TS7005: Variable 'productivityData' implicitly has an 'any[]' type.
lib/services/excel-export-service.ts(199,11): error TS7034: Variable 'costsData' implicitly has type 'any[]' in some locations where its type cannot be determined.
lib/services/excel-export-service.ts(231,46): error TS7005: Variable 'costsData' implicitly has an 'any[]' type.
lib/services/excel-export-service.ts(323,20): error TS7053: Element implicitly has an 'any' type because expression of type 'any' can't be used to index type '{ CAIXA_BANCOS: string; CLIENTES: string; ADIANTAMENTOS: string; EMPRESTIMOS: string; ESTOQUE_DEFENSIVOS: string; ESTOQUE_FERTILIZANTES: string; ESTOQUE_ALMOXARIFADO: string; ESTOQUE_COMMODITIES: string; SEMOVENTES: string; ATIVO_BIOLOGICO: string; }'.
lib/services/excel-export-service.ts(363,20): error TS7053: Element implicitly has an 'any' type because expression of type 'any' can't be used to index type '{ JUROS_PAGOS: string; JUROS_RECEBIDOS: string; TAXAS_BANCARIAS: string; IOF: string; OUTRAS_DESPESAS: string; OUTRAS_RECEITAS: string; NOVAS_LINHAS_CREDITO: string; }'.
lib/services/excel-export-service.ts(413,30): error TS7053: Element implicitly has an 'any' type because expression of type 'any' can't be used to index type '{ TRIBUTARIAS: string; PRO_LABORE: string; OUTRAS_OPERACIONAIS: string; DESPESAS_ADMINISTRATIVAS: string; DESPESAS_COMERCIAIS: string; DESPESAS_FINANCEIRAS: string; MANUTENCAO: string; ... 10 more ...; OUTROS: string; }'.
lib/services/excel-export-service.ts(414,20): error TS7053: Element implicitly has an 'any' type because expression of type 'any' can't be used to index type '{ TRIBUTARIAS: string; PRO_LABORE: string; OUTRAS_OPERACIONAIS: string; DESPESAS_ADMINISTRATIVAS: string; DESPESAS_COMERCIAIS: string; DESPESAS_FINANCEIRAS: string; MANUTENCAO: string; ... 10 more ...; OUTROS: string; }'.
lib/services/excel-export-service.ts(452,20): error TS7053: Element implicitly has an 'any' type because expression of type '"JUROS_APLICACOES" | "RENDIMENTOS_FUNDOS" | "DESCONTOS_OBTIDOS" | "VARIACAO_CAMBIAL" | "HEDGE" | "DIVIDENDOS" | "OUTRAS_RECEITAS"' can't be used to index type '{ VENDA_PRODUCAO: string; SERVICOS: string; ARRENDAMENTO: string; JUROS: string; DIVIDENDOS: string; OUTRAS: string; }'.
  Property 'JUROS_APLICACOES' does not exist on type '{ VENDA_PRODUCAO: string; SERVICOS: string; ARRENDAMENTO: string; JUROS: string; DIVIDENDOS: string; OUTRAS: string; }'.
lib/services/excel-export-service.ts(455,18): error TS2339: Property 'safra' does not exist on type '{ organizacao_id: string; moeda: "BRL" | "USD"; categoria: "JUROS_APLICACOES" | "RENDIMENTOS_FUNDOS" | "DESCONTOS_OBTIDOS" | "VARIACAO_CAMBIAL" | "HEDGE" | "DIVIDENDOS" | "OUTRAS_RECEITAS"; ... 9 more ...; taxa_cambio_referencia?: number | undefined; }'.
lib/services/excel-export-service.ts(455,35): error TS2339: Property 'safras' does not exist on type '{ organizacao_id: string; moeda: "BRL" | "USD"; categoria: "JUROS_APLICACOES" | "RENDIMENTOS_FUNDOS" | "DESCONTOS_OBTIDOS" | "VARIACAO_CAMBIAL" | "HEDGE" | "DIVIDENDOS" | "OUTRAS_RECEITAS"; ... 9 more ...; taxa_cambio_referencia?: number | undefined; }'.
lib/services/excel-export-service.ts(456,17): error TS2339: Property 'data' does not exist on type '{ organizacao_id: string; moeda: "BRL" | "USD"; categoria: "JUROS_APLICACOES" | "RENDIMENTOS_FUNDOS" | "DESCONTOS_OBTIDOS" | "VARIACAO_CAMBIAL" | "HEDGE" | "DIVIDENDOS" | "OUTRAS_RECEITAS"; ... 9 more ...; taxa_cambio_referencia?: number | undefined; }'.
lib/services/excel-export-service.ts(456,35): error TS2339: Property 'data' does not exist on type '{ organizacao_id: string; moeda: "BRL" | "USD"; categoria: "JUROS_APLICACOES" | "RENDIMENTOS_FUNDOS" | "DESCONTOS_OBTIDOS" | "VARIACAO_CAMBIAL" | "HEDGE" | "DIVIDENDOS" | "OUTRAS_RECEITAS"; ... 9 more ...; taxa_cambio_referencia?: number | undefined; }'.
lib/services/excel-export-service.ts(463,36): error TS2339: Property 'length' does not exist on type 'FluxoCaixaCorrigidoData'.
lib/services/excel-export-service.ts(464,44): error TS2339: Property 'map' does not exist on type 'FluxoCaixaCorrigidoData'.
lib/services/excel-export-service.ts(464,48): error TS7006: Parameter 'row' implicitly has an 'any' type.
lib/services/excel-export-service.ts(486,26): error TS2339: Property 'length' does not exist on type 'DREData'.
lib/services/excel-export-service.ts(487,34): error TS2339: Property 'map' does not exist on type 'DREData'.
lib/services/excel-export-service.ts(487,38): error TS7006: Parameter 'row' implicitly has an 'any' type.
lib/services/excel-export-service.ts(509,44): error TS2339: Property 'length' does not exist on type 'BalancoPatrimonialCorrigidoData'.
lib/services/excel-export-service.ts(510,47): error TS2339: Property 'map' does not exist on type 'BalancoPatrimonialCorrigidoData'.
lib/services/excel-export-service.ts(510,51): error TS7006: Parameter 'row' implicitly has an 'any' type.
lib/services/market-data-service.ts(106,47): error TS2677: A type predicate's type must be assignable to its parameter's type.
