lib/actions/production-stats-actions.ts(72,33): error TS7006: Parameter 'acc' implicitly has an 'any' type.
lib/actions/production-stats-actions.ts(72,38): error TS7006: Parameter 'safraData' implicitly has an 'any' type.
lib/actions/production-stats-actions.ts(84,22): error TS7006: Parameter 'sum' implicitly has an 'any' type.
lib/actions/production-stats-actions.ts(84,27): error TS7006: Parameter 'd' implicitly has an 'any' type.
lib/actions/production-stats-actions.ts(314,32): error TS2339: Property 'areas_por_safra' does not exist on type 'ParserError<"Unexpected input: " | "Unexpected input: ,\n        ciclos:ciclo_id(id, nome)\n      ">'.
  Property 'areas_por_safra' does not exist on type '{ error: true; } & "Unexpected input: "'.
lib/actions/production-stats-actions.ts(328,32): error TS2339: Property 'produtividades_por_safra' does not exist on type 'ParserError<"Unexpected input: " | "Unexpected input: ,\n        sistemas:sistema_id(id, nome)\n      ">'.
  Property 'produtividades_por_safra' does not exist on type '{ error: true; } & "Unexpected input: "'.
lib/actions/production-stats-actions.ts(375,33): error TS2339: Property 'cultura_id' does not exist on type 'ParserError<"Unexpected input: " | "Unexpected input: ,\n        ciclos:ciclo_id(id, nome)\n      ">'.
  Property 'cultura_id' does not exist on type '{ error: true; } & "Unexpected input: "'.
lib/actions/production-stats-actions.ts(376,33): error TS2339: Property 'sistema_id' does not exist on type 'ParserError<"Unexpected input: " | "Unexpected input: ,\n        ciclos:ciclo_id(id, nome)\n      ">'.
  Property 'sistema_id' does not exist on type '{ error: true; } & "Unexpected input: "'.
lib/actions/production-stats-actions.ts(377,34): error TS2339: Property 'culturas' does not exist on type 'ParserError<"Unexpected input: " | "Unexpected input: ,\n        ciclos:ciclo_id(id, nome)\n      ">'.
  Property 'culturas' does not exist on type '{ error: true; } & "Unexpected input: "'.
lib/actions/production-stats-actions.ts(378,34): error TS2339: Property 'sistemas' does not exist on type 'ParserError<"Unexpected input: " | "Unexpected input: ,\n        ciclos:ciclo_id(id, nome)\n      ">'.
  Property 'sistemas' does not exist on type '{ error: true; } & "Unexpected input: "'.
lib/actions/production-stats-actions.ts(379,32): error TS2339: Property 'ciclos' does not exist on type 'ParserError<"Unexpected input: " | "Unexpected input: ,\n        ciclos:ciclo_id(id, nome)\n      ">'.
  Property 'ciclos' does not exist on type '{ error: true; } & "Unexpected input: "'.
lib/actions/production-stats-actions.ts(380,32): error TS2339: Property 'areas_por_safra' does not exist on type 'ParserError<"Unexpected input: " | "Unexpected input: ,\n        ciclos:ciclo_id(id, nome)\n      ">'.
  Property 'areas_por_safra' does not exist on type '{ error: true; } & "Unexpected input: "'.
lib/actions/production-stats-actions.ts(410,29): error TS2339: Property 'cultura_id' does not exist on type 'ParserError<"Unexpected input: " | "Unexpected input: ,\n        sistemas:sistema_id(id, nome)\n      ">'.
  Property 'cultura_id' does not exist on type '{ error: true; } & "Unexpected input: "'.
lib/actions/production-stats-actions.ts(410,48): error TS2339: Property 'sistema_id' does not exist on type 'ParserError<"Unexpected input: " | "Unexpected input: ,\n        sistemas:sistema_id(id, nome)\n      ">'.
  Property 'sistema_id' does not exist on type '{ error: true; } & "Unexpected input: "'.
lib/actions/production-stats-actions.ts(417,34): error TS2339: Property 'produtividades_por_safra' does not exist on type 'ParserError<"Unexpected input: " | "Unexpected input: ,\n        sistemas:sistema_id(id, nome)\n      ">'.
  Property 'produtividades_por_safra' does not exist on type '{ error: true; } & "Unexpected input: "'.
lib/actions/production-stats-actions.ts(447,17): error TS2339: Property 'cultura_id' does not exist on type 'ParserError<"Unexpected input: " | "Unexpected input: ,\n        sistemas:sistema_id(id, nome)\n      ">'.
  Property 'cultura_id' does not exist on type '{ error: true; } & "Unexpected input: "'.
lib/actions/production-stats-actions.ts(448,17): error TS2339: Property 'sistema_id' does not exist on type 'ParserError<"Unexpected input: " | "Unexpected input: ,\n        sistemas:sistema_id(id, nome)\n      ">'.
  Property 'sistema_id' does not exist on type '{ error: true; } & "Unexpected input: "'.
lib/actions/production-stats-actions.ts(457,56): error TS2339: Property 'custos_por_safra' does not exist on type 'ParserError<"Unexpected input: " | "Unexpected input: ,\n        sistemas:sistema_id(id, nome)\n      ">'.
  Property 'custos_por_safra' does not exist on type '{ error: true; } & "Unexpected input: "'.
lib/actions/production-stats-actions.ts(458,19): error TS2339: Property 'custos_por_safra' does not exist on type 'ParserError<"Unexpected input: " | "Unexpected input: ,\n        sistemas:sistema_id(id, nome)\n      ">'.
  Property 'custos_por_safra' does not exist on type '{ error: true; } & "Unexpected input: "'.
lib/actions/production-stats-actions.ts(876,15): error TS2339: Property 'cultura_id' does not exist on type 'ParserError<"Unexpected input: " | "Unexpected input: ,\n        sistemas:sistema_id(id, nome)\n      ">'.
  Property 'cultura_id' does not exist on type '{ error: true; } & "Unexpected input: "'.
lib/actions/production-stats-actions.ts(877,15): error TS2339: Property 'sistema_id' does not exist on type 'ParserError<"Unexpected input: " | "Unexpected input: ,\n        sistemas:sistema_id(id, nome)\n      ">'.
  Property 'sistema_id' does not exist on type '{ error: true; } & "Unexpected input: "'.
lib/actions/production-stats-actions.ts(885,54): error TS2339: Property 'custos_por_safra' does not exist on type 'ParserError<"Unexpected input: " | "Unexpected input: ,\n        sistemas:sistema_id(id, nome)\n      ">'.
  Property 'custos_por_safra' does not exist on type '{ error: true; } & "Unexpected input: "'.
lib/actions/production-stats-actions.ts(886,19): error TS2339: Property 'custos_por_safra' does not exist on type 'ParserError<"Unexpected input: " | "Unexpected input: ,\n        sistemas:sistema_id(id, nome)\n      ">'.
  Property 'custos_por_safra' does not exist on type '{ error: true; } & "Unexpected input: "'.
