lib/actions/production/unified-production-actions.ts(56,46): error TS2304: Cannot find name 'getCommodityPrices'.
lib/actions/production/unified-production-actions.ts(57,44): error TS2304: Cannot find name 'getExchangeRates'.
lib/actions/production/unified-production-actions.ts(61,48): error TS2552: Cannot find name 'getProductionMetrics'. Did you mean 'getProductionCosts'?
lib/actions/production/unified-production-actions.ts(67,45): error TS2304: Cannot find name 'getProductionFinancialChartData'.
lib/actions/production/unified-production-actions.ts(68,38): error TS2552: Cannot find name 'getProductionKPIData'. Did you mean 'getProductionStats'?
lib/actions/production/unified-production-actions.ts(112,7): error TS2493: Tuple type '[Culture[], System[], Cycle[], Safra[], PlantingArea[], Productivity[], ProductionCost[], ProductionStats, AreaPlantadaChartData, ProdutividadeChartData, ReceitaChartData]' of length '11' has no element at index '11'.
lib/actions/production/unified-production-actions.ts(113,7): error TS2493: Tuple type '[Culture[], System[], Cycle[], Safra[], PlantingArea[], Productivity[], ProductionCost[], ProductionStats, AreaPlantadaChartData, ProdutividadeChartData, ReceitaChartData]' of length '11' has no element at index '12'.
lib/actions/production/unified-production-actions.ts(114,7): error TS2493: Tuple type '[Culture[], System[], Cycle[], Safra[], PlantingArea[], Productivity[], ProductionCost[], ProductionStats, AreaPlantadaChartData, ProdutividadeChartData, ReceitaChartData]' of length '11' has no element at index '13'.
lib/actions/production/unified-production-actions.ts(115,7): error TS2493: Tuple type '[Culture[], System[], Cycle[], Safra[], PlantingArea[], Productivity[], ProductionCost[], ProductionStats, AreaPlantadaChartData, ProdutividadeChartData, ReceitaChartData]' of length '11' has no element at index '14'.
lib/actions/production/unified-production-actions.ts(116,7): error TS2493: Tuple type '[Culture[], System[], Cycle[], Safra[], PlantingArea[], Productivity[], ProductionCost[], ProductionStats, AreaPlantadaChartData, ProdutividadeChartData, ReceitaChartData]' of length '11' has no element at index '15'.
lib/actions/production/unified-production-actions.ts(128,9): error TS2554: Expected 1-2 arguments, but got 8.
lib/actions/production/unified-production-actions.ts(138,9): error TS2554: Expected 1-2 arguments, but got 6.
lib/actions/production/unified-production-actions.ts(146,9): error TS2554: Expected 1-2 arguments, but got 6.
lib/actions/production/unified-production-actions.ts(153,42): error TS2345: Argument of type 'string | undefined' is not assignable to parameter of type 'string[] | undefined'.
  Type 'string' is not assignable to type 'string[]'.
lib/actions/production/unified-production-actions.ts(156,48): error TS2345: Argument of type 'string | undefined' is not assignable to parameter of type 'string[] | undefined'.
  Type 'string' is not assignable to type 'string[]'.
lib/actions/production/unified-production-actions.ts(157,49): error TS2345: Argument of type 'string | undefined' is not assignable to parameter of type 'string[] | undefined'.
  Type 'string' is not assignable to type 'string[]'.
lib/actions/production/unified-production-actions.ts(158,43): error TS2345: Argument of type 'string | undefined' is not assignable to parameter of type 'string[] | undefined'.
  Type 'string' is not assignable to type 'string[]'.
lib/actions/production/unified-production-actions.ts(174,7): error TS2740: Type 'ProdutividadeChartData' is missing the following properties from type 'ProductionStats': areaPlantada, produtividadeMedia, receita, ebitda, and 8 more.
lib/actions/production/unified-production-actions.ts(177,7): error TS2322: Type 'undefined' is not assignable to type 'AreaPlantadaChartData'.
lib/actions/production/unified-production-actions.ts(178,7): error TS2322: Type 'undefined' is not assignable to type 'ProdutividadeChartData'.
lib/actions/production/unified-production-actions.ts(179,7): error TS2322: Type 'undefined' is not assignable to type 'ReceitaChartData'.
lib/actions/produtividade-chart-actions.ts(6,8): error TS2724: '"@/lib/actions/production-chart-actions"' has no exported member named 'CultureProductivityData'. Did you mean 'ProductivityData'?
